* using log directory ‘/Users/matt/Projects/Rpackages/kechris/multiMiR/..Rcheck’
* using R version 3.3.2 (2016-10-31)
* using platform: x86_64-apple-darwin13.4.0 (64-bit)
* using session charset: UTF-8
* checking for file ‘./DESCRIPTION’ ... OK
* this is package ‘multiMiR’ version ‘2.0’
* checking package namespace information ... OK
* checking package dependencies ... OK
* checking if this is a source package ... OK
* checking if there is a namespace ... OK
* checking for executable files ... WARNING
Found the following executable files:
  .git/objects/00/5550fe266712ac08caecba6d5e2eabdd5618ba
  .git/objects/03/1e0ec9c26b85857e04dab15708397f1e34c998
  .git/objects/05/4a3768d5d50380c39e63785bfdf41268873450
  .git/objects/0d/a6e1576820517ee71c28a52ee7dd1435022ec1
  .git/objects/13/cc137aefe6c2dc74783ada0ea8826ba7707dc1
  .git/objects/19/919af7d2bef2bb4a00ac2a9005cace79e65ff7
  .git/objects/1a/5a5c007a148412c9fcac2f42a774b3f3306ae2
  .git/objects/1c/0af51c2496c8d9316d37035e62c956d1406458
  .git/objects/21/c6988a0a4e54f52b45341662bcb1934f866b9e
  .git/objects/22/974f9ac81678b757b7636f30e82c65bd686c8b
  .git/objects/26/217061bd794fc20e6b604ea3eb795dbb7897f3
  .git/objects/31/7c865308ececcd10e65b51144d4a0b69c583a0
  .git/objects/36/841e7fe93a626f470456a6fb7a8a8dbb00e762
  .git/objects/38/26fc123562695359badf429ae8c832bd87ecba
  .git/objects/38/f7c5b3a98712da776ebdddd746b7c6d01bb082
  .git/objects/3e/282fa5b169e7397d4d9138abf596ffee3f3893
  .git/objects/3e/e82451c8c73790df01675348008506179d4319
  .git/objects/3f/11dbaf13297551ec66604957d187d6fbf5d174
  .git/objects/40/b7033dd4945d7d2b026dbf3ddc67d233202bd6
  .git/objects/49/0564cc3daddf26112935d7ba4d0578ee908e65
  .git/objects/4a/dc6f61653a13e978bc9f976b9488aa260a61a3
  .git/objects/50/65d779c9d40de1d28d0c5ca66aa8c34c777ef9
  .git/objects/56/801099afbfa9c9f38f50c11b69c2e5e06272b8
  .git/objects/64/03a08019d75d682f5f7a96b8df28f69c53213d
  .git/objects/6b/2450711ba8bc0df755ff514a9c2d9848bee8be
  .git/objects/6f/d062d91f1c13c148cd356451a650cfbe9851d1
  .git/objects/71/9cf31e3a28fa710f248bfb76d90a4868e63f61
  .git/objects/73/60d514a279ec7ad6360e0bd367011c05af1ffa
  .git/objects/78/085ea63e0fc680daceab893d2b29d1c26cec03
  .git/objects/79/64689c3d2c2945ec9047a203c4d4e684c16714
  .git/objects/7f/03f720f454e3edb2f58363ab02750d3457e6e2
  .git/objects/87/3c78def84cb0812b54d0df10d4e18c27c10d23
  .git/objects/87/8353df35df28c2a7e62b38bdf2cc711d934936
  .git/objects/87/e388b916db62d6474c0c13a7d50259d7ffddba
  .git/objects/89/501dc810be568192f5662dabdc50a3cde3cd34
  .git/objects/8c/0cda4ea8b6466c1df307dff6849748aac2e269
  .git/objects/8e/87228ec95ff0a5ad620b77d7bd10ef960d6b8b
  .git/objects/8f/b683bd962b4c8703a46b975477e88f33d962b8
  .git/objects/98/993a3a74eab353bfd60d1cf74d2f06f829e9b7
  .git/objects/98/d7822d5f56dc7fb529ee9589adf2321e16dd1a
  .git/objects/99/474a0623b2ce44b28a8e60d17301896deed4a9
  .git/objects/9c/b84820472b0f4d9b74f4af41c9b85d00fe8aa1
  .git/objects/a2/647ae06d405d1078d13314b94d873443b7853f
  .git/objects/a4/3839cff178ad1f5c73a7d587a3573b27d6775b
  .git/objects/a4/ff74205a954af18f592ea760c5798adbaa1d83
  .git/objects/a6/3395d6e79570a1601d80148174cddf60cb1398
  .git/objects/a6/487f5b60edb3e29e9fa9bf0bcee85ade82693f
  .git/objects/a8/b2b455cb7fad4162bf31a2953455838c7e8675
  .git/objects/a9/86b32ee53594f426bbe80ebb8babc933a51da5
  .git/objects/ab/dc620057bdeb205d9b57a85f48a08a3849056b
  .git/objects/ae/df8829416391d6c4ad6a45acb51d9d3e9f3ad6
  .git/objects/b3/abad7416abfcf8d0e20b4416197a4216662c55
  .git/objects/b4/0f927284faee22760e643e64d9ef1beb02f958
  .git/objects/ba/c8c83c2d58ca54350b7afff717ba544a412f65
  .git/objects/bc/d81b64ebffaf554da493e9427d8593a46980cb
  .git/objects/be/ff5e76fa6a7eebcbbd69d44056b06caa0c192d
  .git/objects/bf/cc738f28beba5144a5aad24e139c6280f645b3
  .git/objects/c5/63f96291eeecf4809170b769ab4833297b1a87
  .git/objects/c5/e0a14873faa8faeed697589ce009b9ae6454f5
  .git/objects/c7/4389c309ba44ac6208a6b856e14446430ebf80
  .git/objects/cf/e569b12531f144be9e36e0e5d5757999be35f6
  .git/objects/d1/cbdf890df86b7037f3490183cbdbc555028b22
  .git/objects/d2/f81694829d9a89fd1b2bad504bdbfa62bc11a7
  .git/objects/d4/29ebcf9c6fd0a2da87dd2dab3f6155d30e3fbd
  .git/objects/d5/b24d76eba2d5bfeec80985fa26c570b2f134b6
  .git/objects/dd/437a5317ce0928d7a26694e1d994d083147e02
  .git/objects/df/dbfcc35e98998c258049cb6b85b401fbafa2e3
  .git/objects/e4/7e98990d9a91206f948a0ef1688af74d7bd1c7
  .git/objects/e9/09a1cb5bf2315a43d05cc66f5c2b6c532d646b
  .git/objects/e9/cae4ab378650a080150846bbe9e04fd868698a
  .git/objects/f0/19bf0eef866ef769c837c170ca912a8dde26bc
  .git/objects/f5/8b2f6bdce7bbb71e96d99642dfaf67144ef166
  .git/objects/fa/6ae5610eafc03b389beaaff389627a93725b62
  .git/objects/fb/1f207106190c75b04125f221e302913dbb938d
Source packages should not contain undeclared executable files.
See section ‘Package structure’ in the ‘Writing R Extensions’ manual.
* checking for hidden files and directories ... NOTE
Found the following hidden files and directories:
  .NAMESPACE.swp
  .README.Rmd.swp
  .gitignore
  .travis.yml
  .vimrc
  R/.dbaccess.R.swp
  man/.multimir_dbInfo.Rd.swp
  ..Rcheck
  .git
These were most likely included in error. See section ‘Package
structure’ in the ‘Writing R Extensions’ manual.
* checking for portable file names ... OK
* checking for sufficient/correct file permissions ... OK
* checking whether package ‘multiMiR’ can be installed ... OK
* checking installed package size ... OK
* checking package directory ... OK
* checking ‘build’ directory ... OK
* checking DESCRIPTION meta-information ... OK
* checking top-level files ... OK
* checking for left-over files ... OK
* checking index information ... OK
* checking package subdirectories ... WARNING
Found the following directory with the name of a check directory:
  ./..Rcheck
Most likely, these were included erroneously.
* checking R files for non-ASCII characters ... OK
* checking R files for syntax errors ... OK
* checking whether the package can be loaded ... OK
* checking whether the package can be loaded with stated dependencies ... OK
* checking whether the package can be unloaded cleanly ... OK
* checking whether the namespace can be loaded with stated dependencies ... OK
* checking whether the namespace can be unloaded cleanly ... OK
* checking dependencies in R code ... OK
* checking S3 generic/method consistency ... OK
* checking replacement functions ... OK
* checking foreign function calls ... OK
* checking R code for possible problems ... OK
* checking Rd files ... OK
* checking Rd metadata ... OK
* checking Rd cross-references ... OK
* checking for missing documentation entries ... OK
* checking for code/documentation mismatches ... WARNING
Functions or methods with usage in documentation object 'multimir_dbInfo' but not in code:
  getOption

* checking Rd \usage sections ... WARNING
Undocumented arguments in documentation object 'multimir_dbInfo'
  ‘multimir.url’
Objects in \usage without \alias in documentation object 'multimir_dbInfo':
  ‘getOption’

Functions with \usage entries need to have the appropriate \alias
entries, and all their arguments documented.
The \usage entries must correspond to syntactically valid R code.
See chapter ‘Writing R documentation files’ in the ‘Writing R
Extensions’ manual.
* checking Rd contents ... OK
* checking for unstated dependencies in examples ... OK
* checking sizes of PDF files under ‘inst/doc’ ... OK
* checking installed files from ‘inst/doc’ ... OK
* checking files in ‘vignettes’ ... OK
* checking examples ...